\BOOKMARK [0][-]{chapter.1}{Introduction}{}% 1
\BOOKMARK [0][-]{chapter.2}{Vision}{}% 2
\BOOKMARK [0][-]{chapter.3}{Background}{}% 3
\BOOKMARK [0][-]{chapter.4}{ Functional requirements and application design}{}% 4
\BOOKMARK [1][-]{section.4.1}{Use case prioritization}{chapter.4}% 5
\BOOKMARK [2][-]{subsection.4.1.1}{Critical}{section.4.1}% 6
\BOOKMARK [2][-]{subsection.4.1.2}{Important}{section.4.1}% 7
\BOOKMARK [2][-]{subsection.4.1.3}{Nice to have}{section.4.1}% 8
\BOOKMARK [1][-]{section.4.2}{Use case/Services contracts}{chapter.4}% 9
\BOOKMARK [2][-]{subsection.4.2.1}{Use case: Groups}{section.4.2}% 10
\BOOKMARK [2][-]{subsection.4.2.2}{Use case prioritization}{section.4.2}% 11
\BOOKMARK [1][-]{section.4.3}{Use case: Spaces}{chapter.4}% 12
\BOOKMARK [2][-]{subsection.4.3.1}{Use case diagram}{section.4.3}% 13
\BOOKMARK [2][-]{subsection.4.3.2}{Short description}{section.4.3}% 14
\BOOKMARK [2][-]{subsection.4.3.3}{Use case prioritization}{section.4.3}% 15
\BOOKMARK [2][-]{subsection.4.3.4}{Use cases}{section.4.3}% 16
\BOOKMARK [1][-]{section.4.4}{Use case: Threads and replies}{chapter.4}% 17
\BOOKMARK [2][-]{subsection.4.4.1}{Use case diagram}{section.4.4}% 18
\BOOKMARK [2][-]{subsection.4.4.2}{Short description}{section.4.4}% 19
\BOOKMARK [2][-]{subsection.4.4.3}{Use cases}{section.4.4}% 20
\BOOKMARK [1][-]{section.4.5}{Use case: User List}{chapter.4}% 21
\BOOKMARK [2][-]{subsection.4.5.1}{Use case diagram}{section.4.5}% 22
\BOOKMARK [2][-]{subsection.4.5.2}{Short description}{section.4.5}% 23
\BOOKMARK [2][-]{subsection.4.5.3}{Use cases}{section.4.5}% 24
\BOOKMARK [1][-]{section.4.6}{Use case: Authenticate}{chapter.4}% 25
\BOOKMARK [2][-]{subsection.4.6.1}{Short description}{section.4.6}% 26
\BOOKMARK [2][-]{subsection.4.6.2}{Use case prioritization}{section.4.6}% 27
\BOOKMARK [2][-]{subsection.4.6.3}{Use cases}{section.4.6}% 28
\BOOKMARK [1][-]{section.4.7}{Use case: Reports}{chapter.4}% 29
\BOOKMARK [2][-]{subsection.4.7.1}{Short description}{section.4.7}% 30
\BOOKMARK [1][-]{section.4.8}{Use case: XP}{chapter.4}% 31
\BOOKMARK [2][-]{subsection.4.8.1}{Use case diagram}{section.4.8}% 32
\BOOKMARK [2][-]{subsection.4.8.2}{Description}{section.4.8}% 33
\BOOKMARK [2][-]{subsection.4.8.3}{Use case table}{section.4.8}% 34
\BOOKMARK [1][-]{section.4.9}{Domain Model}{chapter.4}% 35
\BOOKMARK [1][-]{section.4.10}{Activity Diagrams}{chapter.4}% 36
